<?xml version="1.0" encoding="utf-8"?><testsuites name="pytest tests"><testsuite name="pytest" errors="0" failures="0" skipped="0" tests="8" time="2.518" timestamp="2026-08-19T14:12:09.713901+00:00" hostname="agent-env-5fe9694b-34cb-4bca-b27f-341432851912"><testcase classname="tests.test_new_features" name="test_evidence_search_query" time="0.260" /><testcase classname="tests.test_new_features" name="test_evidence_search_filter_source_and_state" time="0.219" /><testcase classname="tests.test_new_features" name="test_evidence_search_empty_q" time="0.144" /><testcase classname="tests.test_new_features" name="test_feature_importance_sample" time="0.141" /><testcase classname="tests.test_new_features" name="test_feature_importance_404" time="0.146" /><testcase classname="tests.test_new_features" name="test_bulk_tag_lifecycle" time="0.967" /><testcase classname="tests.test_new_features" name="test_bulk_tag_empty_tag_returns_400" time="0.140" /><testcase classname="tests.test_new_features" name="test_bulk_tag_unknown_ids_returns_400" time="0.114" /></testsuite></testsuites>