<?xml version="1.0" encoding="utf-8"?><testsuites name="pytest tests"><testsuite name="pytest" errors="0" failures="0" skipped="0" tests="20" time="4.852" timestamp="2026-08-19T13:43:49.130076+00:00" hostname="agent-env-5fe9694b-34cb-4bca-b27f-341432851912"><testcase classname="tests.test_api" name="test_stats_shape" time="0.461" /><testcase classname="tests.test_api" name="test_cases_list_80" time="0.152" /><testcase classname="tests.test_api" name="test_filter_class[review_warranted]" time="0.197" /><testcase classname="tests.test_api" name="test_filter_class[review_not_warranted]" time="0.254" /><testcase classname="tests.test_api" name="test_filter_class[insufficient_information]" time="0.166" /><testcase classname="tests.test_api" name="test_priority_band[critical-0.85-1.01]" time="0.119" /><testcase classname="tests.test_api" name="test_priority_band[high-0.7-0.85]" time="0.141" /><testcase classname="tests.test_api" name="test_priority_band[medium-0.4-0.7]" time="0.166" /><testcase classname="tests.test_api" name="test_priority_band[low-0.0-0.4]" time="0.155" /><testcase classname="tests.test_api" name="test_phase_filter[T0]" time="0.122" /><testcase classname="tests.test_api" name="test_phase_filter[T1]" time="0.212" /><testcase classname="tests.test_api" name="test_evstrength_filter" time="0.177" /><testcase classname="tests.test_api" name="test_case_detail" time="0.256" /><testcase classname="tests.test_api" name="test_case_404" time="0.221" /><testcase classname="tests.test_api" name="test_patch_case[marked_for_review]" time="0.254" /><testcase classname="tests.test_api" name="test_patch_case[cleared]" time="0.286" /><testcase classname="tests.test_api" name="test_patch_case[info_requested]" time="0.296" /><testcase classname="tests.test_api" name="test_audit_after_patch" time="0.354" /><testcase classname="tests.test_api" name="test_model_performance" time="0.128" /><testcase classname="tests.test_api" name="test_csv_export_import" time="0.272" /></testsuite></testsuites>