<?xml version="1.0" encoding="utf-8"?><testsuites name="pytest tests"><testsuite name="pytest" errors="0" failures="0" skipped="0" tests="17" time="4.621" timestamp="2026-08-19T14:02:07.617020+00:00" hostname="agent-env-5fe9694b-34cb-4bca-b27f-341432851912"><testcase classname="tests.test_api" name="test_data_status" time="0.240" /><testcase classname="tests.test_api" name="test_stats_t1" time="0.221" /><testcase classname="tests.test_api" name="test_stats_t0_differs_from_t1" time="0.457" /><testcase classname="tests.test_api" name="test_cases_list_pagination" time="0.206" /><testcase classname="tests.test_api" name="test_cases_search_substring" time="0.146" /><testcase classname="tests.test_api" name="test_cases_filter_class[review_warranted]" time="0.134" /><testcase classname="tests.test_api" name="test_cases_filter_class[review_not_warranted]" time="0.140" /><testcase classname="tests.test_api" name="test_cases_filter_class[insufficient_information]" time="0.147" /><testcase classname="tests.test_api" name="test_cases_filter_evidence_strength" time="0.291" /><testcase classname="tests.test_api" name="test_cases_phase_t0" time="0.239" /><testcase classname="tests.test_api" name="test_case_detail_sample" time="0.118" /><testcase classname="tests.test_api" name="test_case_404" time="0.191" /><testcase classname="tests.test_api" name="test_patch_and_audit" time="0.279" /><testcase classname="tests.test_api" name="test_tag_lifecycle" time="0.506" /><testcase classname="tests.test_api" name="test_compare" time="0.320" /><testcase classname="tests.test_api" name="test_model_performance" time="0.137" /><testcase classname="tests.test_api" name="test_csv_export" time="0.412" /></testsuite></testsuites>